  Determining projects to restore...
  All projects are up-to-date for restore.
  Touchpointe.Domain -> C:\Users\ajmal\Desktop\kravino Innovations\touchpointe\touchpointe_management_tool\backend\src\Touchpointe.Domain\bin\Debug\net9.0\Touchpointe.Domain.dll
C:\Users\ajmal\Desktop\kravino Innovations\touchpointe\touchpointe_management_tool\backend\src\Touchpointe.Application\Services\Crm\CrmService.cs(109,31): error CS1061: 'IApplicationDbContext' does not contain a definition for 'Entry' and no accessible extension method 'Entry' accepting a first argument of type 'IApplicationDbContext' could be found (are you missing a using directive or an assembly reference?) [C:\Users\ajmal\Desktop\kravino Innovations\touchpointe\touchpointe_management_tool\backend\src\Touchpointe.Application\Touchpointe.Application.csproj]
C:\Users\ajmal\Desktop\kravino Innovations\touchpointe\touchpointe_management_tool\backend\src\Touchpointe.Application\Services\Crm\CrmService.cs(230,28): error CS1061: 'IApplicationDbContext' does not contain a definition for 'Entry' and no accessible extension method 'Entry' accepting a first argument of type 'IApplicationDbContext' could be found (are you missing a using directive or an assembly reference?) [C:\Users\ajmal\Desktop\kravino Innovations\touchpointe\touchpointe_management_tool\backend\src\Touchpointe.Application\Touchpointe.Application.csproj]
C:\Users\ajmal\Desktop\kravino Innovations\touchpointe\touchpointe_management_tool\backend\src\Touchpointe.Application\Services\Crm\CrmService.cs(231,28): error CS1061: 'IApplicationDbContext' does not contain a definition for 'Entry' and no accessible extension method 'Entry' accepting a first argument of type 'IApplicationDbContext' could be found (are you missing a using directive or an assembly reference?) [C:\Users\ajmal\Desktop\kravino Innovations\touchpointe\touchpointe_management_tool\backend\src\Touchpointe.Application\Touchpointe.Application.csproj]

Build FAILED.

C:\Users\ajmal\Desktop\kravino Innovations\touchpointe\touchpointe_management_tool\backend\src\Touchpointe.Application\Services\Crm\CrmService.cs(109,31): error CS1061: 'IApplicationDbContext' does not contain a definition for 'Entry' and no accessible extension method 'Entry' accepting a first argument of type 'IApplicationDbContext' could be found (are you missing a using directive or an assembly reference?) [C:\Users\ajmal\Desktop\kravino Innovations\touchpointe\touchpointe_management_tool\backend\src\Touchpointe.Application\Touchpointe.Application.csproj]
C:\Users\ajmal\Desktop\kravino Innovations\touchpointe\touchpointe_management_tool\backend\src\Touchpointe.Application\Services\Crm\CrmService.cs(230,28): error CS1061: 'IApplicationDbContext' does not contain a definition for 'Entry' and no accessible extension method 'Entry' accepting a first argument of type 'IApplicationDbContext' could be found (are you missing a using directive or an assembly reference?) [C:\Users\ajmal\Desktop\kravino Innovations\touchpointe\touchpointe_management_tool\backend\src\Touchpointe.Application\Touchpointe.Application.csproj]
C:\Users\ajmal\Desktop\kravino Innovations\touchpointe\touchpointe_management_tool\backend\src\Touchpointe.Application\Services\Crm\CrmService.cs(231,28): error CS1061: 'IApplicationDbContext' does not contain a definition for 'Entry' and no accessible extension method 'Entry' accepting a first argument of type 'IApplicationDbContext' could be found (are you missing a using directive or an assembly reference?) [C:\Users\ajmal\Desktop\kravino Innovations\touchpointe\touchpointe_management_tool\backend\src\Touchpointe.Application\Touchpointe.Application.csproj]
    0 Warning(s)
    3 Error(s)

Time Elapsed 00:00:00.99
